<?xml version="1.0" encoding="UTF-8"?>
<!-- Generated by org.testng.reporters.JUnitReportReporter -->
<testsuite skipped="70" hostname="DESKTOP-Q6OH7OD" name="regression.Testcases1" tests="71" failures="0" timestamp="19 Jan 2021 09:22:57 GMT" time="21.144" errors="1">
  <testcase name="Launchapp" time="21.144" classname="regression.Testcases1">
    <error type="org.openqa.selenium.SessionNotCreatedException" message="Unable to create a new remote session. Please check the server log for more details. Original error: An unknown server-side error occurred while processing the command. Original error: Could not find a connected Android device in 20037ms.
Build info: version: &#039;3.141.59&#039;, revision: &#039;e82be7d358&#039;, time: &#039;2018-11-14T08:17:03&#039;
System info: host: &#039;DESKTOP-Q6OH7OD&#039;, ip: &#039;192.168.0.105&#039;, os.name: &#039;Windows 10&#039;, os.arch: &#039;amd64&#039;, os.version: &#039;10.0&#039;, java.version: &#039;1.8.0_181&#039;
Driver info: driver.version: AppiumDriver
remote stacktrace: UnknownError: An unknown server-side error occurred while processing the command. Original error: Could not find a connected Android device in 20037ms.
    at getResponseForW3CError (C:\Program Files\Appium\resources\app\node_modules\appium\node_modules\appium-base-driver\lib\protocol\errors.js:804:9)
    at asyncHandler (C:\Program Files\Appium\resources\app\node_modules\appium\node_modules\appium-base-driver\lib\protocol\protocol.js:381:37)
Build info: version: &#039;3.141.59&#039;, revision: &#039;e82be7d358&#039;, time: &#039;2018-11-14T08:17:03&#039;
System info: host: &#039;DESKTOP-Q6OH7OD&#039;, ip: &#039;192.168.0.105&#039;, os.name: &#039;Windows 10&#039;, os.arch: &#039;amd64&#039;, os.version: &#039;10.0&#039;, java.version: &#039;1.8.0_181&#039;
Driver info: driver.version: AppiumDriver">
      <![CDATA[org.openqa.selenium.SessionNotCreatedException: Unable to create a new remote session. Please check the server log for more details. Original error: An unknown server-side error occurred while processing the command. Original error: Could not find a connected Android device in 20037ms.
Build info: version: '3.141.59', revision: 'e82be7d358', time: '2018-11-14T08:17:03'
System info: host: 'DESKTOP-Q6OH7OD', ip: '192.168.0.105', os.name: 'Windows 10', os.arch: 'amd64', os.version: '10.0', java.version: '1.8.0_181'
Driver info: driver.version: AppiumDriver
remote stacktrace: UnknownError: An unknown server-side error occurred while processing the command. Original error: Could not find a connected Android device in 20037ms.
    at getResponseForW3CError (C:\Program Files\Appium\resources\app\node_modules\appium\node_modules\appium-base-driver\lib\protocol\errors.js:804:9)
    at asyncHandler (C:\Program Files\Appium\resources\app\node_modules\appium\node_modules\appium-base-driver\lib\protocol\protocol.js:381:37)
Build info: version: '3.141.59', revision: 'e82be7d358', time: '2018-11-14T08:17:03'
System info: host: 'DESKTOP-Q6OH7OD', ip: '192.168.0.105', os.name: 'Windows 10', os.arch: 'amd64', os.version: '10.0', java.version: '1.8.0_181'
Driver info: driver.version: AppiumDriver
at io.appium.java_client.remote.AppiumCommandExecutor$1.createSession(AppiumCommandExecutor.java:208)
at io.appium.java_client.remote.AppiumCommandExecutor.createSession(AppiumCommandExecutor.java:217)
at io.appium.java_client.remote.AppiumCommandExecutor.execute(AppiumCommandExecutor.java:239)
at org.openqa.selenium.remote.RemoteWebDriver.execute(RemoteWebDriver.java:552)
at io.appium.java_client.DefaultGenericMobileDriver.execute(DefaultGenericMobileDriver.java:41)
at io.appium.java_client.AppiumDriver.execute(AppiumDriver.java:1)
at org.openqa.selenium.remote.RemoteWebDriver.startSession(RemoteWebDriver.java:213)
at io.appium.java_client.AppiumDriver.startSession(AppiumDriver.java:336)
at org.openqa.selenium.remote.RemoteWebDriver.<init>(RemoteWebDriver.java:131)
at io.appium.java_client.DefaultGenericMobileDriver.<init>(DefaultGenericMobileDriver.java:37)
at io.appium.java_client.AppiumDriver.<init>(AppiumDriver.java:88)
at io.appium.java_client.AppiumDriver.<init>(AppiumDriver.java:98)
at utils.Utility.LaunchApplication(Utility.java:55)
at regression.Testcases1.Launchapp(Testcases1.java:31)
at sun.reflect.NativeMethodAccessorImpl.invoke0(Native Method)
at sun.reflect.NativeMethodAccessorImpl.invoke(NativeMethodAccessorImpl.java:62)
at sun.reflect.DelegatingMethodAccessorImpl.invoke(DelegatingMethodAccessorImpl.java:43)
at java.lang.reflect.Method.invoke(Method.java:498)
at org.testng.internal.MethodInvocationHelper.invokeMethod(MethodInvocationHelper.java:124)
at org.testng.internal.MethodInvocationHelper.invokeMethodConsideringTimeout(MethodInvocationHelper.java:59)
at org.testng.internal.Invoker.invokeConfigurationMethod(Invoker.java:455)
at org.testng.internal.Invoker.invokeConfigurations(Invoker.java:222)
at org.testng.internal.Invoker.invokeConfigurations(Invoker.java:142)
at org.testng.TestRunner.beforeRun(TestRunner.java:529)
at org.testng.TestRunner.run(TestRunner.java:497)
at org.testng.SuiteRunner.runTest(SuiteRunner.java:455)
at org.testng.SuiteRunner.runSequentially(SuiteRunner.java:450)
at org.testng.SuiteRunner.privateRun(SuiteRunner.java:415)
at org.testng.SuiteRunner.run(SuiteRunner.java:364)
at org.testng.SuiteRunnerWorker.runSuite(SuiteRunnerWorker.java:52)
at org.testng.SuiteRunnerWorker.run(SuiteRunnerWorker.java:84)
at org.testng.TestNG.runSuitesSequentially(TestNG.java:1208)
at org.testng.TestNG.runSuitesLocally(TestNG.java:1137)
at org.testng.TestNG.runSuites(TestNG.java:1049)
at org.testng.TestNG.run(TestNG.java:1017)
at org.testng.remote.AbstractRemoteTestNG.run(AbstractRemoteTestNG.java:115)
at org.testng.remote.RemoteTestNG.initAndRun(RemoteTestNG.java:251)
at org.testng.remote.RemoteTestNG.main(RemoteTestNG.java:77)
Caused by: java.lang.reflect.InvocationTargetException
at sun.reflect.NativeMethodAccessorImpl.invoke0(Native Method)
at sun.reflect.NativeMethodAccessorImpl.invoke(NativeMethodAccessorImpl.java:62)
at sun.reflect.DelegatingMethodAccessorImpl.invoke(DelegatingMethodAccessorImpl.java:43)
at java.lang.reflect.Method.invoke(Method.java:498)
at io.appium.java_client.remote.AppiumCommandExecutor$1.createSession(AppiumCommandExecutor.java:186)
... 37 more
Caused by: org.openqa.selenium.WebDriverException: An unknown server-side error occurred while processing the command. Original error: Could not find a connected Android device in 20037ms.
Build info: version: '3.141.59', revision: 'e82be7d358', time: '2018-11-14T08:17:03'
System info: host: 'DESKTOP-Q6OH7OD', ip: '192.168.0.105', os.name: 'Windows 10', os.arch: 'amd64', os.version: '10.0', java.version: '1.8.0_181'
Driver info: driver.version: AppiumDriver
remote stacktrace: UnknownError: An unknown server-side error occurred while processing the command. Original error: Could not find a connected Android device in 20037ms.
    at getResponseForW3CError (C:\Program Files\Appium\resources\app\node_modules\appium\node_modules\appium-base-driver\lib\protocol\errors.js:804:9)
    at asyncHandler (C:\Program Files\Appium\resources\app\node_modules\appium\node_modules\appium-base-driver\lib\protocol\protocol.js:381:37)
at sun.reflect.NativeConstructorAccessorImpl.newInstance0(Native Method)
at sun.reflect.NativeConstructorAccessorImpl.newInstance(NativeConstructorAccessorImpl.java:62)
at sun.reflect.DelegatingConstructorAccessorImpl.newInstance(DelegatingConstructorAccessorImpl.java:45)
at java.lang.reflect.Constructor.newInstance(Constructor.java:423)
at org.openqa.selenium.remote.W3CHandshakeResponse.lambda$errorHandler$0(W3CHandshakeResponse.java:62)
at org.openqa.selenium.remote.HandshakeResponse.lambda$getResponseFunction$0(HandshakeResponse.java:30)
at org.openqa.selenium.remote.ProtocolHandshake.lambda$createSession$0(ProtocolHandshake.java:126)
at java.util.stream.ReferencePipeline$3$1.accept(ReferencePipeline.java:193)
at java.util.Spliterators$ArraySpliterator.tryAdvance(Spliterators.java:958)
at java.util.stream.ReferencePipeline.forEachWithCancel(ReferencePipeline.java:126)
at java.util.stream.AbstractPipeline.copyIntoWithCancel(AbstractPipeline.java:498)
at java.util.stream.AbstractPipeline.copyInto(AbstractPipeline.java:485)
at java.util.stream.AbstractPipeline.wrapAndCopyInto(AbstractPipeline.java:471)
at java.util.stream.FindOps$FindOp.evaluateSequential(FindOps.java:152)
at java.util.stream.AbstractPipeline.evaluate(AbstractPipeline.java:234)
at java.util.stream.ReferencePipeline.findFirst(ReferencePipeline.java:464)
at org.openqa.selenium.remote.ProtocolHandshake.createSession(ProtocolHandshake.java:128)
... 42 more
]]>
    </error>
  </testcase> <!-- Launchapp -->
  <testcase name="TC01_Guestuser_createcart" time="0.000" classname="regression.Testcases1">
    <skipped/>
  </testcase> <!-- TC01_Guestuser_createcart -->
  <testcase name="TC01_ViewCart_Couponapplied" time="0.000" classname="regression.Testcases1">
    <skipped/>
  </testcase> <!-- TC01_ViewCart_Couponapplied -->
  <testcase name="TC01_Pickuplocation_profile" time="0.000" classname="regression.Testcases1">
    <skipped/>
  </testcase> <!-- TC01_Pickuplocation_profile -->
  <testcase name="TC01_Order" time="0.000" classname="regression.Testcases1">
    <skipped/>
  </testcase> <!-- TC01_Order -->
  <testcase name="TC02_Loggedinuser_createcart" time="0.000" classname="regression.Testcases1">
    <skipped/>
  </testcase> <!-- TC02_Loggedinuser_createcart -->
  <testcase name="TC02_Order" time="0.000" classname="regression.Testcases1">
    <skipped/>
  </testcase> <!-- TC02_Order -->
  <testcase name="TC03_FBuser_createcart" time="0.000" classname="regression.Testcases1">
    <skipped/>
  </testcase> <!-- TC03_FBuser_createcart -->
  <testcase name="TC03_Viewcart_Applycoupon" time="0.000" classname="regression.Testcases1">
    <skipped/>
  </testcase> <!-- TC03_Viewcart_Applycoupon -->
  <testcase name="TC03_Addlocation" time="0.000" classname="regression.Testcases1">
    <skipped/>
  </testcase> <!-- TC03_Addlocation -->
  <testcase name="TC03_order" time="0.000" classname="regression.Testcases1">
    <skipped/>
  </testcase> <!-- TC03_order -->
  <testcase name="TC04_GoogleUser_createcart" time="0.000" classname="regression.Testcases1">
    <skipped/>
  </testcase> <!-- TC04_GoogleUser_createcart -->
  <testcase name="TC04_Viewcart_couponapplied" time="0.000" classname="regression.Testcases1">
    <skipped/>
  </testcase> <!-- TC04_Viewcart_couponapplied -->
  <testcase name="TC04_Addlocation" time="0.000" classname="regression.Testcases1">
    <skipped/>
  </testcase> <!-- TC04_Addlocation -->
  <testcase name="TC04_Order" time="0.000" classname="regression.Testcases1">
    <skipped/>
  </testcase> <!-- TC04_Order -->
  <testcase name="TC05_Guestuser_createcart" time="0.000" classname="regression.Testcases1">
    <skipped/>
  </testcase> <!-- TC05_Guestuser_createcart -->
  <testcase name="TC05_viewcart_couponapplied" time="0.000" classname="regression.Testcases1">
    <skipped/>
  </testcase> <!-- TC05_viewcart_couponapplied -->
  <testcase name="TC05_Addlocation" time="0.000" classname="regression.Testcases1">
    <skipped/>
  </testcase> <!-- TC05_Addlocation -->
  <testcase name="TC05_order" time="0.000" classname="regression.Testcases1">
    <skipped/>
  </testcase> <!-- TC05_order -->
  <testcase name="TC05_createcart" time="0.000" classname="regression.Testcases1">
    <skipped/>
  </testcase> <!-- TC05_createcart -->
  <testcase name="TC05_viewcart" time="0.000" classname="regression.Testcases1">
    <skipped/>
  </testcase> <!-- TC05_viewcart -->
  <testcase name="TC05_order2" time="0.000" classname="regression.Testcases1">
    <skipped/>
  </testcase> <!-- TC05_order2 -->
  <testcase name="TC06_FBuser_createcart" time="0.000" classname="regression.Testcases1">
    <skipped/>
  </testcase> <!-- TC06_FBuser_createcart -->
  <testcase name="TC06_viewcart" time="0.000" classname="regression.Testcases1">
    <skipped/>
  </testcase> <!-- TC06_viewcart -->
  <testcase name="TC06_Addlocation_adduser" time="0.000" classname="regression.Testcases1">
    <skipped/>
  </testcase> <!-- TC06_Addlocation_adduser -->
  <testcase name="TC06_Order" time="0.000" classname="regression.Testcases1">
    <skipped/>
  </testcase> <!-- TC06_Order -->
  <testcase name="TC06_createcart2" time="0.000" classname="regression.Testcases1">
    <skipped/>
  </testcase> <!-- TC06_createcart2 -->
  <testcase name="TC06_viewcart2" time="0.000" classname="regression.Testcases1">
    <skipped/>
  </testcase> <!-- TC06_viewcart2 -->
  <testcase name="TC06_order2" time="0.000" classname="regression.Testcases1">
    <skipped/>
  </testcase> <!-- TC06_order2 -->
  <testcase name="TC07_GoogleUser_Createcart" time="0.000" classname="regression.Testcases1">
    <skipped/>
  </testcase> <!-- TC07_GoogleUser_Createcart -->
  <testcase name="TC07_viewcart_couponapplied" time="0.000" classname="regression.Testcases1">
    <skipped/>
  </testcase> <!-- TC07_viewcart_couponapplied -->
  <testcase name="TC07_Addlocation_Adduser" time="0.000" classname="regression.Testcases1">
    <skipped/>
  </testcase> <!-- TC07_Addlocation_Adduser -->
  <testcase name="TC07_order" time="0.000" classname="regression.Testcases1">
    <skipped/>
  </testcase> <!-- TC07_order -->
  <testcase name="TC07_createcart2_viewcart" time="0.000" classname="regression.Testcases1">
    <skipped/>
  </testcase> <!-- TC07_createcart2_viewcart -->
  <testcase name="TC07_order2" time="0.000" classname="regression.Testcases1">
    <skipped/>
  </testcase> <!-- TC07_order2 -->
  <testcase name="TC08_guestuser_createcart" time="0.000" classname="regression.Testcases1">
    <skipped/>
  </testcase> <!-- TC08_guestuser_createcart -->
  <testcase name="TC08_viewcart_couponapplied" time="0.000" classname="regression.Testcases1">
    <skipped/>
  </testcase> <!-- TC08_viewcart_couponapplied -->
  <testcase name="TC08_Adduser" time="0.000" classname="regression.Testcases1">
    <skipped/>
  </testcase> <!-- TC08_Adduser -->
  <testcase name="TC08_order" time="0.000" classname="regression.Testcases1">
    <skipped/>
  </testcase> <!-- TC08_order -->
  <testcase name="TC09_loggedinuser_createcart" time="0.000" classname="regression.Testcases1">
    <skipped/>
  </testcase> <!-- TC09_loggedinuser_createcart -->
  <testcase name="TC09_cart_couponapplied" time="0.000" classname="regression.Testcases1">
    <skipped/>
  </testcase> <!-- TC09_cart_couponapplied -->
  <testcase name="TC09_order" time="0.000" classname="regression.Testcases1">
    <skipped/>
  </testcase> <!-- TC09_order -->
  <testcase name="TC10_FBuser" time="0.000" classname="regression.Testcases1">
    <skipped/>
  </testcase> <!-- TC10_FBuser -->
  <testcase name="TC10_Addlocationdelivery" time="0.000" classname="regression.Testcases1">
    <skipped/>
  </testcase> <!-- TC10_Addlocationdelivery -->
  <testcase name="TC10_createcart" time="0.000" classname="regression.Testcases1">
    <skipped/>
  </testcase> <!-- TC10_createcart -->
  <testcase name="TC10_cart" time="0.000" classname="regression.Testcases1">
    <skipped/>
  </testcase> <!-- TC10_cart -->
  <testcase name="TC10_order" time="0.000" classname="regression.Testcases1">
    <skipped/>
  </testcase> <!-- TC10_order -->
  <testcase name="TC11_googleuser_" time="0.000" classname="regression.Testcases1">
    <skipped/>
  </testcase> <!-- TC11_googleuser_ -->
  <testcase name="TC11_AddDeliveryaddress" time="0.000" classname="regression.Testcases1">
    <skipped/>
  </testcase> <!-- TC11_AddDeliveryaddress -->
  <testcase name="TC11_createcart_viewcart" time="0.000" classname="regression.Testcases1">
    <skipped/>
  </testcase> <!-- TC11_createcart_viewcart -->
  <testcase name="TC11_Checkout_order" time="0.000" classname="regression.Testcases1">
    <skipped/>
  </testcase> <!-- TC11_Checkout_order -->
  <testcase name="TC12_guestuser_createcart" time="0.000" classname="regression.Testcases1">
    <skipped/>
  </testcase> <!-- TC12_guestuser_createcart -->
  <testcase name="TC12_cart_nocouponapplied_Addaddress_Adduser" time="0.000" classname="regression.Testcases1">
    <skipped/>
  </testcase> <!-- TC12_cart_nocouponapplied_Addaddress_Adduser -->
  <testcase name="TC12_order" time="0.000" classname="regression.Testcases1">
    <skipped/>
  </testcase> <!-- TC12_order -->
  <testcase name="TC13_registereduser_createcart" time="0.000" classname="regression.Testcases1">
    <skipped/>
  </testcase> <!-- TC13_registereduser_createcart -->
  <testcase name="TC13_cart_nocopoun_order" time="0.000" classname="regression.Testcases1">
    <skipped/>
  </testcase> <!-- TC13_cart_nocopoun_order -->
  <testcase name="TC14_FBuser_AddAddress" time="0.000" classname="regression.Testcases1">
    <skipped/>
  </testcase> <!-- TC14_FBuser_AddAddress -->
  <testcase name="TC14_createcart_viewcart" time="0.000" classname="regression.Testcases1">
    <skipped/>
  </testcase> <!-- TC14_createcart_viewcart -->
  <testcase name="TC14_order" time="0.000" classname="regression.Testcases1">
    <skipped/>
  </testcase> <!-- TC14_order -->
  <testcase name="TC20_carhop_addstore" time="0.000" classname="regression.Testcases1">
    <skipped/>
  </testcase> <!-- TC20_carhop_addstore -->
  <testcase name="TC20_createcart" time="0.000" classname="regression.Testcases1">
    <skipped/>
  </testcase> <!-- TC20_createcart -->
  <testcase name="TC20_cart_couponapplied" time="0.000" classname="regression.Testcases1">
    <skipped/>
  </testcase> <!-- TC20_cart_couponapplied -->
  <testcase name="TC20_order" time="0.000" classname="regression.Testcases1">
    <skipped/>
  </testcase> <!-- TC20_order -->
  <testcase name="TC22_registereduser_createcart" time="0.000" classname="regression.Testcases1">
    <skipped/>
  </testcase> <!-- TC22_registereduser_createcart -->
  <testcase name="TC22_cart_carhopaddress" time="0.000" classname="regression.Testcases1">
    <skipped/>
  </testcase> <!-- TC22_cart_carhopaddress -->
  <testcase name="TC22_order" time="0.000" classname="regression.Testcases1">
    <skipped/>
  </testcase> <!-- TC22_order -->
  <testcase name="TC23_Userprofile" time="0.000" classname="regression.Testcases1">
    <skipped/>
  </testcase> <!-- TC23_Userprofile -->
  <testcase name="TC23_Trackorder" time="0.000" classname="regression.Testcases1">
    <skipped/>
  </testcase> <!-- TC23_Trackorder -->
  <testcase name="TC24_Carhop" time="0.000" classname="regression.Testcases1">
    <skipped/>
  </testcase> <!-- TC24_Carhop -->
  <testcase name="TC24_Dinein" time="0.000" classname="regression.Testcases1">
    <skipped/>
  </testcase> <!-- TC24_Dinein -->
  <testcase name="TC24_Drivethrough" time="0.000" classname="regression.Testcases1">
    <skipped/>
  </testcase> <!-- TC24_Drivethrough -->
</testsuite> <!-- regression.Testcases1 -->
